-------------------------------------------------------------------------------
Test set: TestSuite
-------------------------------------------------------------------------------
Tests run: 2, Failures: 1, Errors: 0, Skipped: 0, Time elapsed: 139.019 s <<< FAILURE! - in TestSuite
runScenario(cucumberOptions.TestNGTestRunner)  Time elapsed: 136.51 s  <<< FAILURE!
java.lang.AssertionError: expected [Beetroot] but found [No data]

